# JRE version: OpenJDK Runtime Environment (7.0_95) (build 1.7.0_95-b00)
# Java VM: OpenJDK Server VM (24.95-b01 mixed mode linux-x86 )
Heap
 PSYoungGen      total 107776K, used 37959K [0xa8800000, 0xb1900000, 0xb32c0000)
  eden space 84224K, 27% used [0xa8800000,0xa9e59790,0xada40000)
  from space 23552K, 64% used [0xada40000,0xae8f8850,0xaf140000)
  to   space 23808K, 0% used [0xb01c0000,0xb01c0000,0xb1900000)
 ParOldGen       total 90624K, used 42826K [0x932c0000, 0x98b40000, 0xa8800000)
  object space 90624K, 47% used [0x932c0000,0x95c929b0,0x98b40000)
 PSPermGen       total 22016K, used 21876K [0x8b2c0000, 0x8c840000, 0x932c0000)
  object space 22016K, 99% used [0x8b2c0000,0x8c81d0e0,0x8c840000)
GC Heap History (10 events):
Event: 3.758 GC heap before
{Heap before GC invocations=4 (full 0):
 PSYoungGen      total 36352K, used 36336K [0xa8800000, 0xacf00000, 0xb32c0000)
  eden space 33792K, 100% used [0xa8800000,0xaa900000,0xaa900000)
  from space 2560K, 99% used [0xaa900000,0xaab7c0a0,0xaab80000)
  to   space 2560K, 0% used [0xacc80000,0xacc80000,0xacf00000)
 ParOldGen       total 43520K, used 20799K [0x932c0000, 0x95d40000, 0xa8800000)
  object space 43520K, 47% used [0x932c0000,0x9470fcb0,0x95d40000)
 PSPermGen       total 16384K, used 6052K [0x8b2c0000, 0x8c2c0000, 0x932c0000)
  object space 16384K, 36% used [0x8b2c0000,0x8b8a9000,0x8c2c0000)
Event: 3.835 GC heap after
Heap after GC invocations=4 (full 0):
 PSYoungGen      total 70144K, used 2544K [0xa8800000, 0xacf00000, 0xb32c0000)
  eden space 67584K, 0% used [0xa8800000,0xa8800000,0xaca00000)
  from space 2560K, 99% used [0xacc80000,0xacefc040,0xacf00000)
  to   space 2560K, 0% used [0xaca00000,0xaca00000,0xacc80000)
 ParOldGen       total 43520K, used 37206K [0x932c0000, 0x95d40000, 0xa8800000)
  object space 43520K, 85% used [0x932c0000,0x95715998,0x95d40000)
 PSPermGen       total 16384K, used 6052K [0x8b2c0000, 0x8c2c0000, 0x932c0000)
  object space 16384K, 36% used [0x8b2c0000,0x8b8a9000,0x8c2c0000)
}
Event: 3.835 GC heap before
{Heap before GC invocations=5 (full 1):
 PSYoungGen      total 70144K, used 2544K [0xa8800000, 0xacf00000, 0xb32c0000)
  eden space 67584K, 0% used [0xa8800000,0xa8800000,0xaca00000)
  from space 2560K, 99% used [0xacc80000,0xacefc040,0xacf00000)
  to   space 2560K, 0% used [0xaca00000,0xaca00000,0xacc80000)
 ParOldGen       total 43520K, used 37206K [0x932c0000, 0x95d40000, 0xa8800000)
  object space 43520K, 85% used [0x932c0000,0x95715998,0x95d40000)
 PSPermGen       total 16384K, used 6052K [0x8b2c0000, 0x8c2c0000, 0x932c0000)
  object space 16384K, 36% used [0x8b2c0000,0x8b8a9000,0x8c2c0000)
Event: 4.406 GC heap after
Heap after GC invocations=5 (full 1):
 PSYoungGen      total 70144K, used 0K [0xa8800000, 0xacf00000, 0xb32c0000)
  eden space 67584K, 0% used [0xa8800000,0xa8800000,0xaca00000)
  from space 2560K, 0% used [0xacc80000,0xacc80000,0xacf00000)
  to   space 2560K, 0% used [0xaca00000,0xaca00000,0xacc80000)
 ParOldGen       total 90624K, used 37949K [0x932c0000, 0x98b40000, 0xa8800000)
  object space 90624K, 41% used [0x932c0000,0x957cf600,0x98b40000)
 PSPermGen       total 16384K, used 6046K [0x8b2c0000, 0x8c2c0000, 0x932c0000)
  object space 16384K, 36% used [0x8b2c0000,0x8b8a7890,0x8c2c0000)
}
Event: 7.831 GC heap before
{Heap before GC invocations=6 (full 1):
 PSYoungGen      total 70144K, used 67584K [0xa8800000, 0xacf00000, 0xb32c0000)
  eden space 67584K, 100% used [0xa8800000,0xaca00000,0xaca00000)
  from space 2560K, 0% used [0xacc80000,0xacc80000,0xacf00000)
  to   space 2560K, 0% used [0xaca00000,0xaca00000,0xacc80000)
 ParOldGen       total 90624K, used 37949K [0x932c0000, 0x98b40000, 0xa8800000)
  object space 90624K, 41% used [0x932c0000,0x957cf600,0x98b40000)
 PSPermGen       total 16384K, used 11482K [0x8b2c0000, 0x8c2c0000, 0x932c0000)
  object space 16384K, 70% used [0x8b2c0000,0x8bdf6908,0x8c2c0000)
Event: 7.853 GC heap after
Heap after GC invocations=6 (full 1):
 PSYoungGen      total 70144K, used 2552K [0xa8800000, 0xb0e80000, 0xb32c0000)
  eden space 67584K, 0% used [0xa8800000,0xa8800000,0xaca00000)
  from space 2560K, 99% used [0xaca00000,0xacc7e0f0,0xacc80000)
  to   space 25600K, 0% used [0xaf580000,0xaf580000,0xb0e80000)
 ParOldGen       total 90624K, used 42826K [0x932c0000, 0x98b40000, 0xa8800000)
  object space 90624K, 47% used [0x932c0000,0x95c929b0,0x98b40000)
 PSPermGen       total 16384K, used 11482K [0x8b2c0000, 0x8c2c0000, 0x932c0000)
  object space 16384K, 70% used [0x8b2c0000,0x8bdf6908,0x8c2c0000)
}
Event: 10.534 GC heap before
{Heap before GC invocations=7 (full 1):
 PSYoungGen      total 70144K, used 70136K [0xa8800000, 0xb0e80000, 0xb32c0000)
  eden space 67584K, 100% used [0xa8800000,0xaca00000,0xaca00000)
  from space 2560K, 99% used [0xaca00000,0xacc7e0f0,0xacc80000)
  to   space 25600K, 0% used [0xaf580000,0xaf580000,0xb0e80000)
 ParOldGen       total 90624K, used 42826K [0x932c0000, 0x98b40000, 0xa8800000)
  object space 90624K, 47% used [0x932c0000,0x95c929b0,0x98b40000)
 PSPermGen       total 16384K, used 14545K [0x8b2c0000, 0x8c2c0000, 0x932c0000)
  object space 16384K, 88% used [0x8b2c0000,0x8c0f46c8,0x8c2c0000)
Event: 10.584 GC heap after
Heap after GC invocations=7 (full 1):
 PSYoungGen      total 103424K, used 9583K [0xa8800000, 0xb0840000, 0xb32c0000)
  eden space 84224K, 0% used [0xa8800000,0xa8800000,0xada40000)
  from space 19200K, 49% used [0xaf580000,0xafedbf98,0xb0840000)
  to   space 23552K, 0% used [0xada40000,0xada40000,0xaf140000)
 ParOldGen       total 90624K, used 42826K [0x932c0000, 0x98b40000, 0xa8800000)
  object space 90624K, 47% used [0x932c0000,0x95c929b0,0x98b40000)
 PSPermGen       total 16384K, used 14545K [0x8b2c0000, 0x8c2c0000, 0x932c0000)
  object space 16384K, 88% used [0x8b2c0000,0x8c0f46c8,0x8c2c0000)
}
Event: 75.859 GC heap before
{Heap before GC invocations=8 (full 1):
 PSYoungGen      total 103424K, used 93807K [0xa8800000, 0xb0840000, 0xb32c0000)
  eden space 84224K, 100% used [0xa8800000,0xada40000,0xada40000)
  from space 19200K, 49% used [0xaf580000,0xafedbf98,0xb0840000)
  to   space 23552K, 0% used [0xada40000,0xada40000,0xaf140000)
 ParOldGen       total 90624K, used 42826K [0x932c0000, 0x98b40000, 0xa8800000)
  object space 90624K, 47% used [0x932c0000,0x95c929b0,0x98b40000)
 PSPermGen       total 21248K, used 21230K [0x8b2c0000, 0x8c780000, 0x932c0000)
  object space 21248K, 99% used [0x8b2c0000,0x8c77b978,0x8c780000)
Event: 75.907 GC heap after
Heap after GC invocations=8 (full 1):
 PSYoungGen      total 107776K, used 15074K [0xa8800000, 0xb1900000, 0xb32c0000)
  eden space 84224K, 0% used [0xa8800000,0xa8800000,0xada40000)
  from space 23552K, 64% used [0xada40000,0xae8f8850,0xaf140000)
  to   space 23808K, 0% used [0xb01c0000,0xb01c0000,0xb1900000)
 ParOldGen       total 90624K, used 42826K [0x932c0000, 0x98b40000, 0xa8800000)
  object space 90624K, 47% used [0x932c0000,0x95c929b0,0x98b40000)
 PSPermGen       total 21248K, used 21230K [0x8b2c0000, 0x8c780000, 0x932c0000)
  object space 21248K, 99% used [0x8b2c0000,0x8c77b978,0x8c780000)
}

