# JRE version: OpenJDK Runtime Environment (7.0_95) (build 1.7.0_95-b00)
# Java VM: OpenJDK Server VM (24.95-b01 mixed mode linux-x86 )
GC Heap History (10 events):
Event: 3.631 GC heap after
Heap after GC invocations=4 (full 0):
 PSYoungGen      total 70144K, used 2544K [0xa8800000, 0xacf00000, 0xb32c0000)
  eden space 67584K, 0% used [0xa8800000,0xa8800000,0xaca00000)
  from space 2560K, 99% used [0xacc80000,0xacefc090,0xacf00000)
  to   space 2560K, 0% used [0xaca00000,0xaca00000,0xacc80000)
 ParOldGen       total 43520K, used 35405K [0x932c0000, 0x95d40000, 0xa8800000)
  object space 43520K, 81% used [0x932c0000,0x95553490,0x95d40000)
 PSPermGen       total 16384K, used 6632K [0x8b2c0000, 0x8c2c0000, 0x932c0000)
  object space 16384K, 40% used [0x8b2c0000,0x8b93a230,0x8c2c0000)
}
Event: 3.631 GC heap before
{Heap before GC invocations=5 (full 1):
 PSYoungGen      total 70144K, used 2544K [0xa8800000, 0xacf00000, 0xb32c0000)
  eden space 67584K, 0% used [0xa8800000,0xa8800000,0xaca00000)
  from space 2560K, 99% used [0xacc80000,0xacefc090,0xacf00000)
  to   space 2560K, 0% used [0xaca00000,0xaca00000,0xacc80000)
 ParOldGen       total 43520K, used 35405K [0x932c0000, 0x95d40000, 0xa8800000)
  object space 43520K, 81% used [0x932c0000,0x95553490,0x95d40000)
 PSPermGen       total 16384K, used 6632K [0x8b2c0000, 0x8c2c0000, 0x932c0000)
  object space 16384K, 40% used [0x8b2c0000,0x8b93a230,0x8c2c0000)
Event: 4.121 GC heap after
Heap after GC invocations=5 (full 1):
 PSYoungGen      total 70144K, used 0K [0xa8800000, 0xacf00000, 0xb32c0000)
  eden space 67584K, 0% used [0xa8800000,0xa8800000,0xaca00000)
  from space 2560K, 0% used [0xacc80000,0xacc80000,0xacf00000)
  to   space 2560K, 0% used [0xaca00000,0xaca00000,0xacc80000)
 ParOldGen       total 85760K, used 35491K [0x932c0000, 0x98680000, 0xa8800000)
  object space 85760K, 41% used [0x932c0000,0x95568c00,0x98680000)
 PSPermGen       total 16384K, used 6626K [0x8b2c0000, 0x8c2c0000, 0x932c0000)
  object space 16384K, 40% used [0x8b2c0000,0x8b938968,0x8c2c0000)
}
Event: 7.336 GC heap before
{Heap before GC invocations=6 (full 1):
 PSYoungGen      total 70144K, used 67584K [0xa8800000, 0xacf00000, 0xb32c0000)
  eden space 67584K, 100% used [0xa8800000,0xaca00000,0xaca00000)
  from space 2560K, 0% used [0xacc80000,0xacc80000,0xacf00000)
  to   space 2560K, 0% used [0xaca00000,0xaca00000,0xacc80000)
 ParOldGen       total 85760K, used 35491K [0x932c0000, 0x98680000, 0xa8800000)
  object space 85760K, 41% used [0x932c0000,0x95568c00,0x98680000)
 PSPermGen       total 16384K, used 11467K [0x8b2c0000, 0x8c2c0000, 0x932c0000)
  object space 16384K, 69% used [0x8b2c0000,0x8bdf2e78,0x8c2c0000)
Event: 7.371 GC heap after
Heap after GC invocations=6 (full 1):
 PSYoungGen      total 70144K, used 2552K [0xa8800000, 0xb1380000, 0xb32c0000)
  eden space 67584K, 0% used [0xa8800000,0xa8800000,0xaca00000)
  from space 2560K, 99% used [0xaca00000,0xacc7e0c0,0xacc80000)
  to   space 24320K, 0% used [0xafbc0000,0xafbc0000,0xb1380000)
 ParOldGen       total 85760K, used 42306K [0x932c0000, 0x98680000, 0xa8800000)
  object space 85760K, 49% used [0x932c0000,0x95c10ad8,0x98680000)
 PSPermGen       total 16384K, used 11467K [0x8b2c0000, 0x8c2c0000, 0x932c0000)
  object space 16384K, 69% used [0x8b2c0000,0x8bdf2e78,0x8c2c0000)
}
Event: 9.958 GC heap before
{Heap before GC invocations=7 (full 1):
 PSYoungGen      total 70144K, used 70136K [0xa8800000, 0xb1380000, 0xb32c0000)
  eden space 67584K, 100% used [0xa8800000,0xaca00000,0xaca00000)
  from space 2560K, 99% used [0xaca00000,0xacc7e0c0,0xacc80000)
  to   space 24320K, 0% used [0xafbc0000,0xafbc0000,0xb1380000)
 ParOldGen       total 85760K, used 42306K [0x932c0000, 0x98680000, 0xa8800000)
  object space 85760K, 49% used [0x932c0000,0x95c10ad8,0x98680000)
 PSPermGen       total 16384K, used 14533K [0x8b2c0000, 0x8c2c0000, 0x932c0000)
  object space 16384K, 88% used [0x8b2c0000,0x8c0f1608,0x8c2c0000)
Event: 10.016 GC heap after
Heap after GC invocations=7 (full 1):
 PSYoungGen      total 108800K, used 9665K [0xa8800000, 0xb0d00000, 0xb32c0000)
  eden space 91136K, 0% used [0xa8800000,0xa8800000,0xae100000)
  from space 17664K, 54% used [0xafbc0000,0xb0530700,0xb0d00000)
  to   space 22528K, 0% used [0xae100000,0xae100000,0xaf700000)
 ParOldGen       total 85760K, used 42306K [0x932c0000, 0x98680000, 0xa8800000)
  object space 85760K, 49% used [0x932c0000,0x95c10ad8,0x98680000)
 PSPermGen       total 16384K, used 14533K [0x8b2c0000, 0x8c2c0000, 0x932c0000)
  object space 16384K, 88% used [0x8b2c0000,0x8c0f1608,0x8c2c0000)
}
Event: 13.527 GC heap before
{Heap before GC invocations=8 (full 1):
 PSYoungGen      total 108800K, used 100801K [0xa8800000, 0xb0d00000, 0xb32c0000)
  eden space 91136K, 100% used [0xa8800000,0xae100000,0xae100000)
  from space 17664K, 54% used [0xafbc0000,0xb0530700,0xb0d00000)
  to   space 22528K, 0% used [0xae100000,0xae100000,0xaf700000)
 ParOldGen       total 85760K, used 42306K [0x932c0000, 0x98680000, 0xa8800000)
  object space 85760K, 49% used [0x932c0000,0x95c10ad8,0x98680000)
 PSPermGen       total 21504K, used 21302K [0x8b2c0000, 0x8c7c0000, 0x932c0000)
  object space 21504K, 99% used [0x8b2c0000,0x8c78d898,0x8c7c0000)
Event: 13.588 GC heap after
Heap after GC invocations=8 (full 1):
 PSYoungGen      total 113664K, used 15523K [0xa8800000, 0xb29c0000, 0xb32c0000)
  eden space 91136K, 0% used [0xa8800000,0xa8800000,0xae100000)
  from space 22528K, 68% used [0xae100000,0xaf028cb0,0xaf700000)
  to   space 23296K, 0% used [0xb1300000,0xb1300000,0xb29c0000)
 ParOldGen       total 85760K, used 42306K [0x932c0000, 0x98680000, 0xa8800000)
  object space 85760K, 49% used [0x932c0000,0x95c10ad8,0x98680000)
 PSPermGen       total 21504K, used 21302K [0x8b2c0000, 0x8c7c0000, 0x932c0000)
  object space 21504K, 99% used [0x8b2c0000,0x8c78d898,0x8c7c0000)
}
Event: 17.017 GC heap before
{Heap before GC invocations=9 (full 1):
 PSYoungGen      total 113664K, used 106659K [0xa8800000, 0xb29c0000, 0xb32c0000)
  eden space 91136K, 100% used [0xa8800000,0xae100000,0xae100000)
  from space 22528K, 68% used [0xae100000,0xaf028cb0,0xaf700000)
  to   space 23296K, 0% used [0xb1300000,0xb1300000,0xb29c0000)
 ParOldGen       total 85760K, used 42306K [0x932c0000, 0x98680000, 0xa8800000)
  object space 85760K, 49% used [0x932c0000,0x95c10ad8,0x98680000)
 PSPermGen       total 24320K, used 24231K [0x8b2c0000, 0x8ca80000, 0x932c0000)
  object space 24320K, 99% used [0x8b2c0000,0x8ca69ec8,0x8ca80000)

